<?xml version="1.0" encoding="UTF-8"?>
<!-- Generated by org.testng.reporters.JUnitReportReporter -->
<testsuite hostname="LAPTOP-NQ8CBM36" failures="0" tests="1" name="com.qa.registration.tests.OrderPageTest" time="1.210" errors="0" timestamp="2024-03-30T00:22:15 IST" skipped="0">
  <testcase classname="com.qa.registration.tests.OrderPageTest" name="OrderHistoryClick" time="1.210"/>
</testsuite> <!-- com.qa.registration.tests.OrderPageTest -->
